# Object count table generated on 2022-06-06 18:22:38


# Items:
732	17,12%	Server.Items.Static
725	16,96%	Server.Items.Backpack
460	10,76%	Server.Items.AddonComponent
374	8,75%	Server.Items.DarkWoodDoor
254	5,94%	Server.Mobiles.XmlSpawner
123	2,88%	Server.Items.Teleporter
108	2,53%	Server.Items.CaveFloorCenter
102	2,39%	Server.Items.StrongWoodDoor
58	1,36%	Server.Items.MetalDoor
53	1,24%	Server.Items.CorpsKorain
46	1,08%	Server.Items.FancyShirt
45	1,05%	Server.Items.ShortPants
44	1,03%	Server.Items.Shoes
38	0,89%	Server.Items.DarkWoodGate
36	0,84%	Server.Items.Doublet
35	0,82%	Server.Items.Flowstone
35	0,82%	Server.Items.GreyMarbleFloor
34	0,80%	Server.Items.LightWoodDoor
33	0,77%	Server.Items.Skirt
31	0,72%	Server.Items.BarredMetalDoor2
31	0,72%	Server.Items.Shirt
29	0,68%	Server.Items.Boots
27	0,63%	Server.Items.LongPants
27	0,63%	Server.Items.Sandals
23	0,54%	Server.Items.HoldItem
22	0,51%	Server.Items.Robe
20	0,47%	Server.Items.Gold
18	0,42%	Server.Items.SandstoneFloorN
16	0,37%	Server.Items.SAShadowWall1East
15	0,35%	Server.Items.WideBrimHat
14	0,33%	Server.Items.Bandana
14	0,33%	Server.Items.ThighBoots
14	0,33%	Server.Items.WeaponPad
12	0,28%	Server.Items.Brazier
12	0,28%	Server.Items.HalfApron
12	0,28%	Server.Items.MediumWoodDoor
11	0,26%	Server.Items.DeckItem
11	0,26%	Server.Items.IronGateShort
10	0,23%	Server.Items.SAShadowWall1South
9	0,21%	Server.Items.CorpsKroise
8	0,19%	Server.Items.Kilt
8	0,19%	Server.Items.MetalChest
8	0,19%	Server.Items.Pouch
8	0,19%	Server.Items.YewWoodTable
7	0,16%	Server.Items.Chest
7	0,16%	Server.Items.Crops.TreeTrunk
7	0,16%	Server.Items.RecallRune
7	0,16%	Server.Items.Spear
6	0,14%	Server.Items.CorpsKarge
6	0,14%	Server.Items.JukaBow
6	0,14%	Server.Items.LightWoodGate
6	0,14%	Server.Items.Watermelon
5	0,12%	Server.Items.Axe
5	0,12%	Server.Items.CorpsKershe
5	0,12%	Server.Items.DeathRobe
5	0,12%	Server.Items.Key
5	0,12%	Server.Items.Missive
4	0,09%	Server.Items.AnkhWest
4	0,09%	Server.Items.AnkhWest+InternalItem
4	0,09%	Server.Items.Bascinet
4	0,09%	Server.Items.FishingPole
4	0,09%	Server.Items.IronIngot
4	0,09%	Server.Items.IronOre
4	0,09%	Server.Items.Plank
4	0,09%	Server.Items.RattanDoor
4	0,09%	Server.Items.Remains
4	0,09%	Server.Items.ShepherdsCrook
3	0,07%	Server.Items.BankBox
3	0,07%	Server.Items.Bow
3	0,07%	Server.Items.CorpsKalois
3	0,07%	Server.Items.Crops.BitterHopsCrop
3	0,07%	Server.Items.Crops.CottonCrop
3	0,07%	Server.Items.Crops.FieldCornCrop
3	0,07%	Server.Items.Crops.HayCrop
3	0,07%	Server.Items.Crops.MiniApricotCrop
3	0,07%	Server.Items.Crops.NightshadeCrop
3	0,07%	Server.Items.Crops.PearTree
3	0,07%	Server.Items.Crops.RedRoseCrop
3	0,07%	Server.Items.Crops.VanillaCrop
3	0,07%	Server.Items.Crops.WatermelonCrop
3	0,07%	Server.Items.LeatherGorget
3	0,07%	Server.Items.Longsword
3	0,07%	Server.Items.MortarPestle
3	0,07%	Server.Items.Saw
3	0,07%	Server.Items.ScribesPen
3	0,07%	Server.Items.SmithHammer
3	0,07%	Server.Items.TinkerTools
3	0,07%	Server.Mobiles.MountItem
2	0,05%	Server.Items.Anvil
2	0,05%	Server.Items.ArcanistStatueSouthAddon
2	0,05%	Server.Items.Bandage
2	0,05%	Server.Items.CarnetAdresse
2	0,05%	Server.Items.Cleaver
2	0,05%	Server.Items.Cloak
2	0,05%	Server.Items.Cloth
2	0,05%	Server.Items.Club
2	0,05%	Server.Items.Crops.AppleTree
2	0,05%	Server.Items.Crops.CauliflowerCrop
2	0,05%	Server.Items.Crops.PeachTree
2	0,05%	Server.Items.Dagger
2	0,05%	Server.Items.DisguiseKit
2	0,05%	Server.Items.Forge
2	0,05%	Server.Items.FullApron
2	0,05%	Server.Items.GalleonHold
2	0,05%	Server.Items.GMRobe
2	0,05%	Server.Items.HeartwoodLog
2	0,05%	Server.Items.Hold
2	0,05%	Server.Items.IronGate
2	0,05%	Server.Items.Log
2	0,05%	Server.Items.Nightshade
2	0,05%	Server.Items.QuarterStaff
2	0,05%	Server.Items.SewingKit
2	0,05%	Server.Items.ShipWheel
2	0,05%	Server.Items.TillerMan
2	0,05%	Server.Items.Tongs
2	0,05%	Server.Items.TricorneHat
2	0,05%	Server.Items.VeriteOre
2	0,05%	Server.Multis.LargeBoat
1	0,02%	Arya.Chess.ChessControl
1	0,02%	Knives.TownHouses.TownHouseSign
1	0,02%	Server.Engines.BulkOrders.BulkOrderBook
1	0,02%	Server.Items.AgapiteGranite
1	0,02%	Server.Items.AgapiteIngot
1	0,02%	Server.Items.AgapiteOre
1	0,02%	Server.Items.Amber
1	0,02%	Server.Items.Amethyst
1	0,02%	Server.Items.AncienBone
1	0,02%	Server.Items.AncienHides
1	0,02%	Server.Items.AncienLeather
1	0,02%	Server.Items.AnkhNorth
1	0,02%	Server.Items.AnkhNorth+InternalItem
1	0,02%	Server.Items.Apricot
1	0,02%	Server.Items.ArachnideBone
1	0,02%	Server.Items.ArachnideHides
1	0,02%	Server.Items.ArachnideLeather
1	0,02%	Server.Items.ArbaletteChasse
1	0,02%	Server.Items.Arbavive
1	0,02%	Server.Items.AshBoard
1	0,02%	Server.Items.AshLog
1	0,02%	Server.Items.Astoria
1	0,02%	Server.Items.BagOfAllReagents
1	0,02%	Server.Items.BagOfReagents
1	0,02%	Server.Items.BarberScissors
1	0,02%	Server.Items.BaseLog
1	0,02%	Server.Items.BaseWoodBoard
1	0,02%	Server.Items.BatonDragonique
1	0,02%	Server.Items.BatonErmite
1	0,02%	Server.Items.BatonNature
1	0,02%	Server.Items.BatonVagabond
1	0,02%	Server.Items.BatWing
1	0,02%	Server.Items.BearMask
1	0,02%	Server.Items.BitterHops
1	0,02%	Server.Items.Blackberry
1	0,02%	Server.Items.BlackPearl
1	0,02%	Server.Items.BlankScroll
1	0,02%	Server.Items.Bloodmoss
1	0,02%	Server.Items.BloodPentagram
1	0,02%	Server.Items.BloodwoodBoard
1	0,02%	Server.Items.BloodwoodLog
1	0,02%	Server.Items.Blowpipe
1	0,02%	Server.Items.Bone
1	0,02%	Server.Items.BoneSewingKit
1	0,02%	Server.Items.Bottle
1	0,02%	Server.Items.BreadLoafExp
1	0,02%	Server.Items.BronzeGranite
1	0,02%	Server.Items.BronzeIngot
1	0,02%	Server.Items.BronzeOre
1	0,02%	Server.Items.BulletinBoard
1	0,02%	Server.Items.Calendrier
1	0,02%	Server.Items.CanneSapphire
1	0,02%	Server.Items.Capuche
1	0,02%	Server.Items.Capuche2
1	0,02%	Server.Items.CarpentryWorkShopAddon
1	0,02%	Server.Items.ChainLegs
1	0,02%	Server.Items.ChapeauPirate
1	0,02%	Server.Items.Citrine
1	0,02%	Server.Items.Coconut
1	0,02%	Server.Items.CopperGranite
1	0,02%	Server.Items.CopperIngot
1	0,02%	Server.Items.CopperOre
1	0,02%	Server.Items.Corn
1	0,02%	Server.Items.Cotton
1	0,02%	Server.Items.CreationStone
1	0,02%	Server.Items.CreationStone2
1	0,02%	Server.Items.Crochire
1	0,02%	Server.Items.Crops.BitterHopsSeed
1	0,02%	Server.Items.Crops.BlackberryCrop
1	0,02%	Server.Items.Crops.BlackberrySeed
1	0,02%	Server.Items.Crops.BroccoliSeed
1	0,02%	Server.Items.Crops.CauliflowerSeed
1	0,02%	Server.Items.Crops.CoconutSeed
1	0,02%	Server.Items.Crops.CottonSeed
1	0,02%	Server.Items.Crops.MiniApricotSeed
1	0,02%	Server.Items.Crops.MiniCocoaSeed
1	0,02%	Server.Items.Crops.MiniCoffeeSeed
1	0,02%	Server.Items.Crops.NightshadeSeed
1	0,02%	Server.Items.Crops.RedMushroomSeed
1	0,02%	Server.Items.Crops.RedRoseSeed
1	0,02%	Server.Items.Crops.StrawberryCrop
1	0,02%	Server.Items.Crops.VanillaSeed
1	0,02%	Server.Items.Crops.WatermelonSeed
1	0,02%	Server.Items.Crops.WheatCrop
1	0,02%	Server.Items.Crops.WheatSeed
1	0,02%	Server.Items.Cutlass
1	0,02%	Server.Items.DaemonBlood
1	0,02%	Server.Items.DeerMask
1	0,02%	Server.Items.DemoniaqueBone
1	0,02%	Server.Items.DemoniaqueHides
1	0,02%	Server.Items.DemoniaqueLeather
1	0,02%	Server.Items.Diamond
1	0,02%	Server.Items.DoubleEpee
1	0,02%	Server.Items.DoubleHachette
1	0,02%	Server.Items.DoubleLames
1	0,02%	Server.Items.DragoniqueBone
1	0,02%	Server.Items.DragoniqueHides
1	0,02%	Server.Items.DragoniqueLeather
1	0,02%	Server.Items.DullCopperGranite
1	0,02%	Server.Items.DullCopperIngot
1	0,02%	Server.Items.DullCopperOre
1	0,02%	Server.Items.Emerald
1	0,02%	Server.Items.EpeeBatarde
1	0,02%	Server.Items.EpeeBatardeLuxe
1	0,02%	Server.Items.EpeeCourte
1	0,02%	Server.Items.EpeeDeuxMains
1	0,02%	Server.Items.EpeeDoubleTranchant
1	0,02%	Server.Items.EpeeLongue
1	0,02%	Server.Items.Epieu
1	0,02%	Server.Items.Eterfer
1	0,02%	Server.Items.FieldCorn
1	0,02%	Server.Items.Fists
1	0,02%	Server.Items.FletcherTools
1	0,02%	Server.Items.Fouet4
1	0,02%	Server.Items.Foulard2
1	0,02%	Server.Items.FountainAddon
1	0,02%	Server.Items.FrostwoodBoard
1	0,02%	Server.Items.FrostwoodLog
1	0,02%	Server.Items.GardenDeed
1	0,02%	Server.Items.GardenShedDeed
1	0,02%	Server.Items.Garlic
1	0,02%	Server.Items.GateTeleporter
1	0,02%	Server.Items.GeantBone
1	0,02%	Server.Items.GeantHides
1	0,02%	Server.Items.GeantLeather
1	0,02%	Server.Items.Ginseng
1	0,02%	Server.Items.Glass
1	0,02%	Server.Items.GoldGranite
1	0,02%	Server.Items.GoldIngot
1	0,02%	Server.Items.GoldOre
1	0,02%	Server.Items.GrandeFourche
1	0,02%	Server.Items.GrandeHache
1	0,02%	Server.Items.GrandeHacheDouble
1	0,02%	Server.Items.GrandeMasse
1	0,02%	Server.Items.Granite
1	0,02%	Server.Items.GraveDust
1	0,02%	Server.Items.GrobusFur
1	0,02%	Server.Items.HacheDouble
1	0,02%	Server.Items.HacheDoubleNaine
1	0,02%	Server.Items.HAchePique
1	0,02%	Server.Items.Halberd
1	0,02%	Server.Items.Hay
1	0,02%	Server.Items.HealPotion
1	0,02%	Server.Items.HeartwoodBoard
1	0,02%	Server.Items.Hellebarde
1	0,02%	Server.Items.Hides
1	0,02%	Server.Items.Hoe
1	0,02%	Server.Items.JavelotLuxe
1	0,02%	Server.Items.Jupe
1	0,02%	Server.Items.Jupe10
1	0,02%	Server.Items.Jupe11
1	0,02%	Server.Items.Jupe2
1	0,02%	Server.Items.Jupe3
1	0,02%	Server.Items.Jupe4
1	0,02%	Server.Items.Jupe5
1	0,02%	Server.Items.Jupe6
1	0,02%	Server.Items.Jupe7
1	0,02%	Server.Items.Jupe8
1	0,02%	Server.Items.Jupe9
1	0,02%	Server.Items.JupeCourte
1	0,02%	Server.Items.JupeCourte2
1	0,02%	Server.Items.JupeCourte3
1	0,02%	Server.Items.JupeCourte4
1	0,02%	Server.Items.JupeCourte5
1	0,02%	Server.Items.JupeCourte6
1	0,02%	Server.Items.JupeCourte7
1	0,02%	Server.Items.JupeLacee
1	0,02%	Server.Items.JupeLacee2
1	0,02%	Server.Items.JupeLacee3
1	0,02%	Server.Items.JupeVoiles
1	0,02%	Server.Items.JupeVoiles2
1	0,02%	Server.Items.KhaldunEntranceAddon
1	0,02%	Server.Items.KhaldunWorkshop
1	0,02%	Server.Items.Kilt2
1	0,02%	Server.Items.Kilt3
1	0,02%	Server.Items.Leather
1	0,02%	Server.Items.LeatherBustierArms
1	0,02%	Server.Items.LeatherGloves
1	0,02%	Server.Items.Legarc
1	0,02%	Server.Items.LightningScroll
1	0,02%	Server.Items.Lumitrait
1	0,02%	Server.Items.LupusBone
1	0,02%	Server.Items.LupusHides
1	0,02%	Server.Items.LupusLeather
1	0,02%	Server.Items.MalletAndChisel
1	0,02%	Server.Items.MandrakeRoot
1	0,02%	Server.Items.MarketStandBeeEastAddon
1	0,02%	Server.Items.MarketStandCheeseEastAddon
1	0,02%	Server.Items.MarketStandCopperEastAddon
1	0,02%	Server.Items.MarketStandEastAddon
1	0,02%	Server.Items.MarketStandFishEastAddon
1	0,02%	Server.Items.MarketStandFurEastAddon
1	0,02%	Server.Items.MarketStandHerbsEastAddon
1	0,02%	Server.Items.MarketStandMercerEastAddon
1	0,02%	Server.Items.MarketStandMushroomEastAddon
1	0,02%	Server.Items.MarketStandRoofEastAddon
1	0,02%	Server.Items.MarketStandToolEastAddon
1	0,02%	Server.Items.MarketStandVegetablesEastAddon
1	0,02%	Server.Items.MarketStandWineEastAddon
1	0,02%	Server.Items.MarteauPointes
1	0,02%	Server.Items.Massue
1	0,02%	Server.Items.MassueClous
1	0,02%	Server.Items.MassuePointes
1	0,02%	Server.Items.MorgensternBoules
1	0,02%	Server.Items.MorgensternPointes
1	0,02%	Server.Items.NoxCrystal
1	0,02%	Server.Items.OakBoard
1	0,02%	Server.Items.OakLog
1	0,02%	Server.Items.OphidienBone
1	0,02%	Server.Items.OphidienHides
1	0,02%	Server.Items.OphidienLeather
1	0,02%	Server.Items.Pantalon1
1	0,02%	Server.Items.Pantalon10
1	0,02%	Server.Items.Pantalon11
1	0,02%	Server.Items.Pantalon12
1	0,02%	Server.Items.Pantalon2
1	0,02%	Server.Items.Pantalon3
1	0,02%	Server.Items.Pantalon4
1	0,02%	Server.Items.Pantalon5
1	0,02%	Server.Items.Pantalon6
1	0,02%	Server.Items.Pantalon7
1	0,02%	Server.Items.Pantalon8
1	0,02%	Server.Items.Pantalon9
1	0,02%	Server.Items.Pareo
1	0,02%	Server.Items.PareoCourt
1	0,02%	Server.Items.Percemurs
1	0,02%	Server.Items.Pickaxe
1	0,02%	Server.Items.PigIron
1	0,02%	Server.Items.Pitcher
1	0,02%	Server.Items.Pitchfork
1	0,02%	Server.Items.PlateArms
1	0,02%	Server.Items.PlateChest
1	0,02%	Server.Items.PlateGloves
1	0,02%	Server.Items.PlateGorget
1	0,02%	Server.Items.PlateHelm
1	0,02%	Server.Items.PlateLegs
1	0,02%	Server.Items.Rapiere
1	0,02%	Server.Items.RapiereDecoree
1	0,02%	Server.Items.RapiereLuxe
1	0,02%	Server.Items.RawRibs
1	0,02%	Server.Items.RecallScroll
1	0,02%	Server.Items.RedRose
1	0,02%	Server.Items.RegStone
1	0,02%	Server.Items.ReptilienBone
1	0,02%	Server.Items.ReptilienHides
1	0,02%	Server.Items.ReptilienLeather
1	0,02%	Server.Items.RingmailChest
1	0,02%	Server.Items.Rope
1	0,02%	Server.Items.Ruby
1	0,02%	Server.Items.Runire
1	0,02%	Server.Items.SabreLuxe
1	0,02%	Server.Items.Salopette
1	0,02%	Server.Items.Sand
1	0,02%	Server.Items.Sapphire
1	0,02%	Server.Items.ShadowIronGranite
1	0,02%	Server.Items.ShadowIronIngot
1	0,02%	Server.Items.ShadowIronOre
1	0,02%	Server.Items.ShortSpear
1	0,02%	Server.Items.SkullCap
1	0,02%	Server.Items.SmithWorkShopAddon
1	0,02%	Server.Items.Sombrevent
1	0,02%	Server.Items.Souplecorde
1	0,02%	Server.Items.SpidersSilk
1	0,02%	Server.Items.StarSapphire
1	0,02%	Server.Items.SulfurousAsh
1	0,02%	Server.Items.TailorsShopAddon
1	0,02%	Server.Items.Tarkarc
1	0,02%	Server.Items.TeteCoyote
1	0,02%	Server.Items.TeteTaureau
1	0,02%	Server.Items.Toque
1	0,02%	Server.Items.Tourmaline
1	0,02%	Server.Items.TrashBarrel
1	0,02%	Server.Items.Trident
1	0,02%	Server.Items.TrophyDeed
1	0,02%	Server.Items.Turban
1	0,02%	Server.Items.ValoriteGranite
1	0,02%	Server.Items.ValoriteIngot
1	0,02%	Server.Items.ValoriteOre
1	0,02%	Server.Items.VeriteGranite
1	0,02%	Server.Items.VeriteIngot
1	0,02%	Server.Items.VoileTete
1	0,02%	Server.Items.VoileTeteLong
1	0,02%	Server.Items.WakizashiLong
1	0,02%	Server.Items.WildStaff
1	0,02%	Server.Items.WoodenShield
1	0,02%	Server.Items.YewBoard
1	0,02%	Server.Items.YewLog
1	0,02%	Server.Mobiles.GenericBuyInfo+DisplayCache
1	0,02%	Server.Multis.Galleon
1	0,02%	Server.Multis.OrcishGalleon
1	0,02%	Server.Regions.SpawnPersistence


#Mobiles:
174	9,40%	Server.Mobiles.Eagle
165	8,91%	Server.Mobiles.Bird
141	7,61%	Server.Mobiles.Rabbit
136	7,34%	Server.Mobiles.Ferret
133	7,18%	Server.Mobiles.Hind
132	7,13%	Server.Mobiles.Rat
97	5,24%	Server.Mobiles.MountainGoat
88	4,75%	Server.Mobiles.Boar
83	4,48%	Server.Mobiles.WildGreatHart
51	2,75%	Server.Mobiles.IceSnake
43	2,32%	Server.Mobiles.WildTimberWolf
40	2,16%	Server.Mobiles.BrownBear
39	2,11%	Server.Mobiles.GreyWolf
37	2,00%	Server.Mobiles.GrizzlyBear
34	1,84%	Server.Mobiles.DireWolf
33	1,78%	Server.Mobiles.BlackBear
24	1,30%	Server.Mobiles.JukaWarrior
21	1,13%	Server.Mobiles.Walrus
21	1,13%	Server.Mobiles.WhiteWolf
14	0,76%	Server.Mobiles.Brigand
14	0,76%	Server.Mobiles.JukaMage
12	0,65%	Server.Mobiles.Ettin
12	0,65%	Server.Mobiles.IceSerpent
12	0,65%	Server.Mobiles.Ogre
11	0,59%	Server.Mobiles.IceHound
11	0,59%	Server.Mobiles.SnowLeopard
10	0,54%	Server.Mobiles.CustomPlayerMobile
10	0,54%	Server.Mobiles.IceElemental
10	0,54%	Server.Mobiles.Zombie
8	0,43%	Server.Mobiles.Farmer
8	0,43%	Server.Mobiles.FrostSpider
8	0,43%	Server.Mobiles.PolarBear
7	0,38%	Server.Mobiles.Gaman
7	0,38%	Server.Mobiles.IceFiend
7	0,38%	Server.Mobiles.SnowElemental
6	0,32%	Server.Mobiles.EarthElemental
6	0,32%	Server.Mobiles.JukaLord
6	0,32%	Server.Mobiles.Titan
5	0,27%	Server.Mobiles.FrostOoze
5	0,27%	Server.Mobiles.Healer
5	0,27%	Server.Mobiles.Minotaur
5	0,27%	Server.Mobiles.Spectre
5	0,27%	Server.Mobiles.Tailor
5	0,27%	Server.Mobiles.TormentedMinotaur
4	0,22%	Server.Mobiles.Alchemist
4	0,22%	Server.Mobiles.AnimalTrainer
4	0,22%	Server.Mobiles.Carpenter
4	0,22%	Server.Mobiles.Cyclops
4	0,22%	Server.Mobiles.EnslavedSatyr
4	0,22%	Server.Mobiles.Fisherman
4	0,22%	Server.Mobiles.Gardener
4	0,22%	Server.Mobiles.Lich
4	0,22%	Server.Mobiles.Mage
4	0,22%	Server.Mobiles.Skeleton
3	0,16%	Server.Mobiles.Alligator
3	0,16%	Server.Mobiles.Banker
3	0,16%	Server.Mobiles.Barkeeper
3	0,16%	Server.Mobiles.Blacksmith
3	0,16%	Server.Mobiles.Bowyer
3	0,16%	Server.Mobiles.BullFrog
3	0,16%	Server.Mobiles.FrostDragon
3	0,16%	Server.Mobiles.GiantToad
3	0,16%	Server.Mobiles.HairStylist
3	0,16%	Server.Mobiles.Harpy
3	0,16%	Server.Mobiles.InnKeeper
3	0,16%	Server.Mobiles.Jeweler
3	0,16%	Server.Mobiles.MinotaurScout
2	0,11%	Server.Mobiles.ArcticOgreLord
2	0,11%	Server.Mobiles.Baker
2	0,11%	Server.Mobiles.Bard
2	0,11%	Server.Mobiles.BeekeeperExp
2	0,11%	Server.Mobiles.Brewer
2	0,11%	Server.Mobiles.Butcher
2	0,11%	Server.Mobiles.Cook
2	0,11%	Server.Mobiles.GalleonPilot
2	0,11%	Server.Mobiles.GoreFiend
2	0,11%	Server.Mobiles.HighPlainsBoura
2	0,11%	Server.Mobiles.LeatherWorker
2	0,11%	Server.Mobiles.Mummy
2	0,11%	Server.Mobiles.OgreLord
2	0,11%	Server.Mobiles.Panther
2	0,11%	Server.Mobiles.Provisioner
2	0,11%	Server.Mobiles.Ratman
2	0,11%	Server.Mobiles.Scribe
2	0,11%	Server.Mobiles.SkeletalMage
2	0,11%	Server.Mobiles.Stockman
2	0,11%	Server.Mobiles.StoneHarpy
2	0,11%	Server.Mobiles.Tanner
2	0,11%	Server.Mobiles.Tinker
2	0,11%	Server.Mobiles.Winecrafter
1	0,05%	Server.Mobiles.AncientLich
1	0,05%	Server.Mobiles.Armorer
1	0,05%	Server.Mobiles.Balron
1	0,05%	Server.Mobiles.Beekeeper
1	0,05%	Server.Mobiles.CoraTheSorceress
1	0,05%	Server.Mobiles.Cougar
1	0,05%	Server.Mobiles.CuSidhe
1	0,05%	Server.Mobiles.Gallusaurus
1	0,05%	Server.Mobiles.Gardener1
1	0,05%	Server.Mobiles.Gregorio
1	0,05%	Server.Mobiles.Grobu
1	0,05%	Server.Mobiles.Herbalist
1	0,05%	Server.Mobiles.Horse
1	0,05%	Server.Mobiles.Lurg
1	0,05%	Server.Mobiles.Meraktus
1	0,05%	Server.Mobiles.Messager
1	0,05%	Server.Mobiles.MinionOfScelestus
1	0,05%	Server.Mobiles.MinotaurGeneral
1	0,05%	Server.Mobiles.MonstrousInterredGrizzle
1	0,05%	Server.Mobiles.Saliva
1	0,05%	Server.Mobiles.Semidar
1	0,05%	Server.Mobiles.SkeletalKnight
1	0,05%	Server.Mobiles.SlaveVendor
1	0,05%	Server.Mobiles.TsukiWolf
1	0,05%	Server.Mobiles.Weaver
1	0,05%	Server.Mobiles.WildTiger
