# Profile of world items
# Generated on 2023-05-12 00:48:31


1167187	39,92%	Server.Item
488623	16,71%	Server.Mobiles.XmlSpawner
259670	8,88%	Server.Items.Static
160493	5,49%	Server.Items.BaseClothing
37415	1,28%	Server.Items.BaseMiddleTorso
34360	1,18%	Server.Items.BaseRaceGumps
30633	1,05%	Server.Items.BaseShoes
27794	0,95%	Server.Items.BaseArmor
27454	0,94%	Server.Items.Container
26783	0,92%	Server.Items.BaseContainer
26752	0,91%	Server.Items.BaseWeapon
24473	0,84%	Server.Items.BaseCloak
23470	0,80%	Server.Items.AddonComponent
23321	0,80%	Server.Items.Backpack
21414	0,73%	Server.Items.CorpsHautElfe
21325	0,73%	Server.Items.BaseDoor
18967	0,65%	Server.Items.BaseHat
18211	0,62%	Server.Items.BasePants
17023	0,58%	Server.Items.Cloak
16693	0,57%	Server.Items.FancyShirt
15752	0,54%	Server.Items.BaseOuterLegs
14859	0,51%	Server.Items.Boots
14190	0,49%	Server.Items.Bandana
14178	0,48%	Server.Items.BaseRanged
12574	0,43%	Server.Items.BaseMeleeWeapon
11791	0,40%	Server.Items.Teleporter
11647	0,40%	Server.Items.BaseBow
11498	0,39%	Server.Items.Bow
11430	0,39%	Server.Items.ShortPants
9745	0,33%	Server.Mobiles.MountItem
8972	0,31%	Server.Items.BaseOuterTorso
8335	0,29%	Server.Items.Skirt
7447	0,25%	Server.Items.Stalagmite
7301	0,25%	Server.Items.DyeTub
6851	0,23%	Server.Items.Shoes
6805	0,23%	Server.Items.RegionControl
6790	0,23%	Server.Items.BacVide
6142	0,21%	Server.Items.BaseReagent
6024	0,21%	Server.Items.LocalizedAddonComponent
5898	0,20%	Server.Items.DarkWoodDoor
5329	0,18%	Server.Items.Robe
5152	0,18%	Server.Items.BaseWaist
5013	0,17%	Server.Items.CustomMiningStone
4977	0,17%	Server.Items.CasqueEmbellit
4590	0,16%	Server.Items.PlateGloves
4204	0,14%	Server.Items.Cape8
4143	0,14%	Server.Items.Tabar9
4068	0,14%	Server.Items.BaseMulti
4021	0,14%	Server.Items.ThighBoots
3958	0,14%	Server.Multis.BaseHouse
3958	0,14%	Server.Multis.HouseFoundation
3943	0,13%	Server.Items.BaseSpear
3788	0,13%	Server.Items.BaseShield
3750	0,13%	Server.Items.CorpsDrakos
3717	0,13%	Server.Items.PlateChest
3700	0,13%	Server.Items.PlateLegs
3675	0,13%	Server.Items.PlateArms
3627	0,12%	Server.Items.DarkWoodGate
3546	0,12%	Server.Items.BarredMetalDoor2
3424	0,12%	Server.Items.BaseAxe
3228	0,11%	Server.Items.BaseTool
3124	0,11%	Server.Items.JavelotLuxe
3012	0,10%	Server.Items.Pantalon4
2964	0,10%	Server.Items.LightSource
2828	0,10%	Server.Items.StrongWoodDoor
2790	0,10%	Server.Items.BaseAddon
2787	0,10%	Server.Items.Pavois
2677	0,09%	Server.Items.MetalDoor
2675	0,09%	Server.Items.RuneLute
2581	0,09%	Server.Items.BaseSword
2531	0,09%	Server.Items.ArbaletteLourde
2531	0,09%	Server.Items.BaseCrossbow
2269	0,08%	Server.Items.CorpsElfeDesBois
2171	0,07%	Server.Items.CorpsPetitGens
2075	0,07%	Server.Items.Doublet
1880	0,06%	Server.Items.Axe
1838	0,06%	Server.Items.Bag
1830	0,06%	Server.Items.CorpsPeekos
1754	0,06%	Server.Items.BaseJewel
1718	0,06%	Server.Items.Shirt
1689	0,06%	Server.Items.BaseIngot
1627	0,06%	Server.Items.BaseSign
1627	0,06%	Server.Items.Sign
1604	0,05%	Server.Items.Sandals
1548	0,05%	Server.Items.Surcoat
1541	0,05%	Server.Items.LightWoodDoor
1510	0,05%	Server.Items.HalfApron
1427	0,05%	Server.Items.BarberScissors
1427	0,05%	Server.Items.BarberScissorsBase
1351	0,05%	Server.Items.LongPants
1320	0,05%	Server.Items.ExecutionersAxe
1296	0,04%	Server.Items.BaseBashing
1296	0,04%	Server.Items.Club
1285	0,04%	Server.Items.NewSpellbook
1285	0,04%	Server.Items.Spellbook
1252	0,04%	Xanthos.ShrinkSystem.ShrinkItem
1210	0,04%	Server.Items.CorpsRiverain
1206	0,04%	Server.Items.WizardsHat
1204	0,04%	Server.Items.SmallTent
1058	0,04%	Server.Items.Chemise6
1035	0,04%	Server.Items.Longsword
1029	0,04%	Server.Items.ChainCoif
1010	0,03%	Server.Items.Gold
1001	0,03%	Server.Items.Buckler
981	0,03%	Server.Items.SewingKit
945	0,03%	Server.Items.BaseKnife
944	0,03%	Server.Items.Pantalon5
942	0,03%	Server.Items.CraftableFurniture
942	0,03%	Server.Items.Stool
934	0,03%	Server.Items.LockableContainer
934	0,03%	Server.Items.TrapableContainer
856	0,03%	Server.Items.Cutlass
829	0,03%	Server.Items.Kilt
819	0,03%	Server.Items.Spear
808	0,03%	Server.Items.Chandail3
800	0,03%	Server.Items.Pareo
787	0,03%	Server.Items.BandagesBras
768	0,03%	Server.Items.BaseLeather
747	0,03%	Server.Items.Crops.BaseGrapeVine
726	0,02%	Server.Items.BagOfReagents
713	0,02%	Server.Items.BaseWoodBoard
706	0,02%	Server.Items.LeatherSewingKit
695	0,02%	Server.Items.Chandail
690	0,02%	Server.Items.Armoire
690	0,02%	Server.Items.Broadsword
690	0,02%	Server.Items.FurnitureContainer
680	0,02%	Server.Items.BaseSuit
680	0,02%	Server.Items.GMRobe
679	0,02%	Server.Custom.Packaging.Packages.Materiaux
671	0,02%	Server.Items.Bottes
668	0,02%	Server.Items.Cape
662	0,02%	Server.Items.CeintureBaril
658	0,02%	Server.Items.Tunique9
646	0,02%	Server.Items.BaseFoulards
642	0,02%	Server.Items.Dagger
616	0,02%	Server.Items.SmithHammer
581	0,02%	Server.Items.Ceinture8
571	0,02%	Server.Items.RobeNobleDecolte
560	0,02%	Server.Items.Missive
559	0,02%	Server.Items.Uniforme
552	0,02%	Server.Items.BaseHides
552	0,02%	Server.Items.Cape4
551	0,02%	Server.Items.BaseLog
550	0,02%	Server.Items.BaseBone
550	0,02%	Server.Items.JupeLacee2
550	0,02%	Server.Items.KeywordTeleporter
548	0,02%	Server.Items.Earrings
547	0,02%	Server.Items.CapucheToile
539	0,02%	Server.Items.Cape2
532	0,02%	Server.Items.CapePaon
531	0,02%	Server.Items.BaseEarrings
528	0,02%	Server.Items.Chemise
525	0,02%	Server.Items.ChemiseRiche
524	0,02%	Server.Items.BaseBracelet
524	0,02%	Server.Items.CorpsElfeSombre
516	0,02%	Server.Items.CorsetCuir
495	0,02%	Server.Items.StrongBackpack
493	0,02%	Server.Items.FullApron
480	0,02%	Server.Items.IronGate
479	0,02%	Server.Items.GMGoldChest
456	0,02%	Server.Items.RobeProvocante2
455	0,02%	Server.Items.Chest
436	0,01%	Server.Items.RobeProvocante5
427	0,01%	Server.Items.Ceinture6
425	0,01%	Server.Items.Pantalon6
420	0,01%	Server.Items.Bottes10
418	0,01%	Server.Items.HairDye
417	0,01%	Server.Items.CorpsNain
416	0,01%	Server.Items.fourreau
415	0,01%	Server.Items.Cape7
411	0,01%	Server.Items.Jupe10
410	0,01%	Server.Items.Jupe7
405	0,01%	Server.Items.Crops.GrapeVineBranchEast
397	0,01%	Server.Items.Bottes2
397	0,01%	Server.Items.Bottes9
396	0,01%	Server.Items.Cape3
391	0,01%	Server.Items.Jupe11
390	0,01%	Server.Items.Robe18
389	0,01%	Server.Items.Kilt3
387	0,01%	Server.Items.Foulard4
369	0,01%	Server.Items.BazBottes3
363	0,01%	Server.Items.BankBox
351	0,01%	Server.Items.BaseNecklace
351	0,01%	Server.Items.Cloth
348	0,01%	Server.Items.BaseRing
348	0,01%	Server.Items.TenteBrigandEstAddon
347	0,01%	Server.Items.EssenceNecromancie
342	0,01%	Server.Items.EssenceAeromancie
342	0,01%	Server.Items.EssenceHydromancie
342	0,01%	Server.Items.EssencePolymorphie
342	0,01%	Server.Items.EssenceRoublardise
340	0,01%	Server.Items.GoldBracelet
338	0,01%	Server.Items.CinnamonFancyRugAddon
338	0,01%	Server.Items.GoldEarrings
337	0,01%	Server.Items.EssenceDefenseur
337	0,01%	Server.Items.EssenceGeomancie
337	0,01%	Server.Items.EssencePyromancie
337	0,01%	Server.Items.EssenceTotemique
332	0,01%	Server.Items.EssenceGuerison
327	0,01%	Server.Items.EssenceChasseur
324	0,01%	Server.Items.RattanDoor
322	0,01%	Server.Items.EssenceMartial
322	0,01%	Server.Items.EssenceMusique
313	0,01%	Server.Items.RobeProvocante6
303	0,01%	Server.Items.BaseStaff
303	0,01%	Server.Items.Cleaver
303	0,01%	Server.Items.ShepherdsCrook
293	0,01%	Server.Items.Jupe8
279	0,01%	Server.Items.Chemise3
277	0,01%	Server.Items.Chandail10
276	0,01%	Server.Items.ChapeauMousquetaire
273	0,01%	Server.Items.Veste2
272	0,01%	Server.Items.BaseShirt
272	0,01%	Server.Items.Bustier2
272	0,01%	Server.Items.Camisole
272	0,01%	Server.Items.Jupe6
272	0,01%	Server.Items.Pantalon9
272	0,01%	Server.Items.Saw
270	0,01%	Server.Items.JupeVoiles2
269	0,01%	Server.Items.Jupe4
269	0,01%	Server.Items.Robe5
268	0,01%	Server.Items.FeatheredHat
268	0,01%	Server.Items.Jupe5
268	0,01%	Server.Items.TuniqueCeinture
267	0,01%	Server.Items.ChemiseCorset1
267	0,01%	Server.Items.StrawHat
267	0,01%	Server.Items.VestonRiche
266	0,01%	Server.Items.Bottes3
265	0,01%	Server.Items.VoileDos
264	0,01%	Server.Items.Bottes4
264	0,01%	Server.Items.CeintureMetal
264	0,01%	Server.Items.CorpsNomade
263	0,01%	Server.Items.Chandail2
263	0,01%	Server.Items.Doublet3
260	0,01%	Server.Items.ManteauDore
254	0,01%	Server.Items.Masque17
252	0,01%	Server.Items.GoldenDecorativeRugAddon
247	0,01%	Server.Items.Bonnet
246	0,01%	Server.Items.IronGateShort
231	0,01%	Server.Items.CorpsMontagnard
227	0,01%	Server.Items.CorpsDemiOrc
224	0,01%	Server.Items.Pickaxe
222	0,01%	Server.Items.BlackPearl
222	0,01%	Server.Items.Bloodmoss
222	0,01%	Server.Items.Garlic
222	0,01%	Server.Items.Ginseng
222	0,01%	Server.Items.MandrakeRoot
222	0,01%	Server.Items.Nightshade
222	0,01%	Server.Items.SpidersSilk
222	0,01%	Server.Items.SulfurousAsh
213	0,01%	Server.Items.PlainoisBoard
212	0,01%	Server.Items.PlainoisLeather
204	0,01%	Server.Items.Crops.GrapeVineBranchEast2
199	0,01%	Server.Items.DailyRock
195	0,01%	Server.Items.Scissors
193	0,01%	Server.Items.Earrings1
188	0,01%	Server.Items.StaffRing
184	0,01%	Server.Items.Bracelet1
179	0,01%	Server.Items.AlchemistsBauble
178	0,01%	Server.Items.JupeVoiles
178	0,01%	Server.Items.Lunettes
173	0,01%	Server.Items.GoldNecklace
172	0,01%	Server.Items.BlueFancyRugAddon
165	0,01%	Server.Items.ScribesPen
160	0,01%	Server.Items.GoldRing
159	0,01%	Server.Items.DragonJadeEarrings
159	0,01%	Server.Items.GorgetEmbellit
158	0,01%	Server.Items.BarredMetalDoor
156	0,01%	Server.Items.AncienLeather
153	0,01%	Server.Items.FemalePlateChest
152	0,01%	Server.Items.BaseTrash
152	0,01%	Server.Items.CreationStone
152	0,01%	Server.Items.TrashBarrel
151	0,01%	Server.Items.JupeCourte6
149	0,01%	Server.Items.CompositeBow
149	0,01%	Server.Items.FishingPole
149	0,01%	Server.Items.IronwoodCompositeBow
145	0,00%	Server.Items.JupeCourte5
144	0,00%	Server.Items.Cape11
144	0,00%	Server.Items.JupeCourte3
143	0,00%	Server.Items.ChapeauPiratePlume
142	0,00%	Server.Items.fourreau3
142	0,00%	Server.Items.JupeCourte7
141	0,00%	Server.Items.Ceinture4
141	0,00%	Server.Items.JupeCourte
141	0,00%	Server.Items.JupeLacee3
141	0,00%	Server.Items.RobeCourteLacet
141	0,00%	Server.Items.Tabar5
140	0,00%	Server.Items.Doublet4
140	0,00%	Server.Items.HideGorget
140	0,00%	Server.Items.LeatherLegs
140	0,00%	Server.Items.Tabar11
140	0,00%	Server.Items.Tabar8
139	0,00%	Server.Items.Jupe9
139	0,00%	Server.Items.JupeCourte2
139	0,00%	Server.Items.RobeProvocante4
138	0,00%	Server.Items.Toge3
138	0,00%	Server.Items.Tunique8
138	0,00%	Server.Items.WideBrimHat
137	0,00%	Server.Items.Ceinture3
137	0,00%	Server.Items.ChapeauFoulard
137	0,00%	Server.Items.Jupe
137	0,00%	Server.Items.Jupe2
136	0,00%	Server.Items.ChemiseCorset2
136	0,00%	Server.Items.ElvenBoots
136	0,00%	Server.Items.JupeOndule2
136	0,00%	Server.Items.Tunique10
136	0,00%	Server.Items.Tunique4
135	0,00%	Server.Items.ChapeauPlume1
135	0,00%	Server.Items.Chemise5
135	0,00%	Server.Items.Jupe3
135	0,00%	Server.Items.JupeCourte4
135	0,00%	Server.Items.JupeLacee
135	0,00%	Server.Items.RobeCorset
134	0,00%	Server.Items.Doublet5
134	0,00%	Server.Items.FemaleLeatherChest
134	0,00%	Server.Items.LeatherArms
134	0,00%	Server.Items.Tunique2
134	0,00%	Server.Items.VoileTeteLong
133	0,00%	Server.Items.BandagesTaille
133	0,00%	Server.Items.Ceinture9
133	0,00%	Server.Items.ClothNinjaHood
133	0,00%	Server.Items.Foulard2
133	0,00%	Server.Items.fourreau2
133	0,00%	Server.Items.Pantalon11
133	0,00%	Server.Items.Robe12
133	0,00%	Server.Items.Tabar6
132	0,00%	Server.Items.BottesPoils
132	0,00%	Server.Items.CorsetEpaule
132	0,00%	Server.Items.Toge7
131	0,00%	Server.Items.Cap
131	0,00%	Server.Items.HideChest
131	0,00%	Server.Items.HideGloves
131	0,00%	Server.Items.HidePants
131	0,00%	Server.Items.HidePauldrons
131	0,00%	Server.Items.Pantalon10
131	0,00%	Server.Items.Pantalon8
131	0,00%	Server.Items.Robe9
131	0,00%	Server.Items.RobeCourte
131	0,00%	Server.Items.Salopette
130	0,00%	Server.Items.CacheOeil1
130	0,00%	Server.Items.Glasses
130	0,00%	Server.Items.PareoCourt
130	0,00%	Server.Items.Tabar1
130	0,00%	Server.Items.TrophyDeed
129	0,00%	Server.Items.ChapeauPlume2
129	0,00%	Server.Items.LeatherGorget
128	0,00%	Server.Items.RobeDoree
127	0,00%	Server.Items.Bascinet
127	0,00%	Server.Items.Capuche
126	0,00%	Server.Items.AnkhWest
126	0,00%	Server.Items.AnkhWest+InternalItem
126	0,00%	Server.Items.BaseInstrument
126	0,00%	Server.Items.Foulard
126	0,00%	Server.Items.HousePlacementTool
126	0,00%	Server.Items.Lute
126	0,00%	Server.Items.Pantalon7
126	0,00%	Server.Items.SkullCap
125	0,00%	Server.Items.BandagesPieds
125	0,00%	Server.Items.BazPantalon3
123	0,00%	Server.Items.BazBottes1
123	0,00%	Server.Items.BazBottes4
123	0,00%	Server.Items.IronIngot
122	0,00%	Server.Items.RegStone
122	0,00%	Server.Items.WoodlandBelt
115	0,00%	Server.Items.BouquetFleur
114	0,00%	Server.Items.Kasa
113	0,00%	Server.Items.ClothNinjaJacket
110	0,00%	Server.Multis.BaseBoat
110	0,00%	Server.Multis.SmallDragonBoat
108	0,00%	Server.Items.RawMoonstoneLargeAddon
102	0,00%	Server.Items.PlainoisHides
102	0,00%	Server.Items.Plank
100	0,00%	Server.Items.AncienBoard
100	0,00%	Server.Items.ToundroisBone
95	0,00%	Server.Items.MortarPestlePoisoning
92	0,00%	Server.Items.BaseBulletinBoard
92	0,00%	Server.Items.BulletinBoard
91	0,00%	Server.Items.FletcherTools
90	0,00%	Server.Items.SoulsPen
88	0,00%	Server.Items.TestStone
86	0,00%	Server.Items.BaseCard
86	0,00%	Server.Items.BluePlainRugAddon
86	0,00%	Server.Items.BoneSewingKit
86	0,00%	Server.Items.CarteDemonOs
84	0,00%	Server.Items.MauveVelourDyeTub
84	0,00%	Server.Items.RecycleBag
82	0,00%	Server.Items.Fists
79	0,00%	Server.Items.Anvil
74	0,00%	Server.Items.Crops.BaseSeed
74	0,00%	Server.Items.Crops.CarrotSeed
71	0,00%	Server.Items.BaseUtensil
71	0,00%	Server.Items.PoissonMain
70	0,00%	Server.Items.CreationStone2
69	0,00%	Server.Items.Crops.GrapeVinePoleEast
69	0,00%	Server.Items.Crops.GrapeVinePoleEast3
68	0,00%	Server.AccountVault.AccountVault
67	0,00%	Server.Items.AmeLadyMelisande
63	0,00%	Server.Items.LoomEastAddon
63	0,00%	Server.Items.MortarPestle
63	0,00%	Server.Items.TinkersTools
59	0,00%	Server.Items.GrayBrickFireplaceEastAddon
58	0,00%	Server.Items.AbyssiumIngot
58	0,00%	Server.Items.AcierIngot
58	0,00%	Server.Items.ArgentIngot
58	0,00%	Server.Items.BloodiriumIngot
58	0,00%	Server.Items.BorealeIngot
58	0,00%	Server.Items.BraziumIngot
58	0,00%	Server.Items.BronzeIngot
58	0,00%	Server.Items.ChrysteliarIngot
58	0,00%	Server.Items.CopperIngot
58	0,00%	Server.Items.DraconyrIngot
58	0,00%	Server.Items.DurianIngot
58	0,00%	Server.Items.EquilibrumIngot
58	0,00%	Server.Items.GlaciasIngot
58	0,00%	Server.Items.GoldIngot
58	0,00%	Server.Items.HeptazionIngot
58	0,00%	Server.Items.HerbrositeIngot
58	0,00%	Server.Items.JolinarIngot
58	0,00%	Server.Items.JusticiumIngot
58	0,00%	Server.Items.KhandariumIngot
58	0,00%	Server.Items.LithiarIngot
58	0,00%	Server.Items.LuneriumIngot
58	0,00%	Server.Items.MarinarIngot
58	0,00%	Server.Items.MytherilIngot
58	0,00%	Server.Items.NostalgiumIngot
58	0,00%	Server.Items.OceanisIngot
58	0,00%	Server.Items.SombralirIngot
58	0,00%	Server.Items.SonneIngot
56	0,00%	Server.Items.BrokenArmoireComponent
56	0,00%	Server.Items.Guitare
55	0,00%	Server.Items.SoloLute
55	0,00%	Server.Items.SpinningwheelEastAddon
54	0,00%	Server.Items.Calendrier
54	0,00%	Server.Items.Calendrier2
54	0,00%	Server.Items.RawMoonstoneSmallAddon
53	0,00%	Server.Items.CorpsDemiElfe
51	0,00%	Server.Items.BrokenArmoireAddon
51	0,00%	Server.Items.RegularLog
50	0,00%	Server.Items.AncienBone
50	0,00%	Server.Items.AncienHides
50	0,00%	Server.Items.AncienLog
50	0,00%	Server.Items.CollinoisBoard
50	0,00%	Server.Items.CollinoisBone
50	0,00%	Server.Items.CollinoisHides
50	0,00%	Server.Items.CollinoisLeather
50	0,00%	Server.Items.CollinoisLog
50	0,00%	Server.Items.DesertiqueBoard
50	0,00%	Server.Items.DesertiqueBone
50	0,00%	Server.Items.DesertiqueHides
50	0,00%	Server.Items.DesertiqueLeather
50	0,00%	Server.Items.DesertiqueLog
50	0,00%	Server.Items.ForestierBoard
50	0,00%	Server.Items.ForestierBone
50	0,00%	Server.Items.ForestierHides
50	0,00%	Server.Items.ForestierLeather
50	0,00%	Server.Items.ForestierLog
50	0,00%	Server.Items.MontagnardBoard
50	0,00%	Server.Items.MontagnardBone
50	0,00%	Server.Items.MontagnardHides
50	0,00%	Server.Items.MontagnardLeather
50	0,00%	Server.Items.MontagnardLog
50	0,00%	Server.Items.PlainoisBone
50	0,00%	Server.Items.PlainoisLog
50	0,00%	Server.Items.Ruby
50	0,00%	Server.Items.SavanoisBoard
50	0,00%	Server.Items.SavanoisBone
50	0,00%	Server.Items.SavanoisHides
50	0,00%	Server.Items.SavanoisLeather
50	0,00%	Server.Items.SavanoisLog
50	0,00%	Server.Items.ToundroisBoard
50	0,00%	Server.Items.ToundroisHides
50	0,00%	Server.Items.ToundroisLeather
50	0,00%	Server.Items.ToundroisLog
50	0,00%	Server.Items.TropicauxBoard
50	0,00%	Server.Items.TropicauxBone
50	0,00%	Server.Items.TropicauxHides
50	0,00%	Server.Items.TropicauxLeather
50	0,00%	Server.Items.TropicauxLog
50	0,00%	Server.Items.VolcaniqueBoard
50	0,00%	Server.Items.VolcaniqueBone
50	0,00%	Server.Items.VolcaniqueHides
50	0,00%	Server.Items.VolcaniqueLeather
50	0,00%	Server.Items.VolcaniqueLog
48	0,00%	Server.Items.Hold
47	0,00%	Server.Multis.HouseSign
43	0,00%	Server.Items.TillerMan
42	0,00%	Server.Items.AnkhNorth
42	0,00%	Server.Items.AnkhNorth+InternalItem
41	0,00%	Server.Items.Dyes
40	0,00%	Server.Items.DailyRocks
40	0,00%	Server.Items.JackCorpse
40	0,00%	Server.Mobiles.GenericBuyInfo+DisplayCache
39	0,00%	Server.Items.Forge
34	0,00%	Server.Regions.SpawnPersistence
