# Profile of world mobiles
# Generated on 2022-06-06 18:56:35


1204346	31,82%	Server.Mobile
1194866	31,57%	Server.Mobiles.BaseCreature
110150	2,91%	Server.Mobiles.Eagle
104473	2,76%	Server.Mobiles.Bird
91220	2,41%	Server.Mobiles.BaseAnimal
89253	2,36%	Server.Mobiles.Rabbit
86088	2,27%	Server.Mobiles.Ferret
83927	2,22%	Server.Mobiles.Hind
83628	2,21%	Server.Mobiles.Rat
67798	1,79%	Server.Mobiles.BaseVendor
62080	1,64%	Server.Mobiles.MountainGoat
60015	1,59%	Server.Mobiles.WildGreatHart
55528	1,47%	Server.Mobiles.Boar
32691	0,86%	Server.Mobiles.IceSnake
31205	0,82%	Server.Mobiles.WildTimberWolf
25480	0,67%	Server.Mobiles.BrownBear
24804	0,66%	Server.Mobiles.GreyWolf
23643	0,62%	Server.Mobiles.GrizzlyBear
21760	0,57%	Server.Mobiles.DireWolf
21663	0,57%	Server.Mobiles.BlackBear
15672	0,41%	Server.Mobiles.JukaWarrior
13377	0,35%	Server.Mobiles.WhiteWolf
13293	0,35%	Server.Mobiles.Walrus
9674	0,26%	Server.Mobiles.JukaMage
9595	0,25%	Server.Mobiles.Brigand
9480	0,25%	Server.Mobiles.CustomPlayerMobile
9480	0,25%	Server.Mobiles.PlayerMobile
7800	0,21%	Server.Mobiles.IceSerpent
7644	0,20%	Server.Mobiles.Ettin
7632	0,20%	Server.Mobiles.Ogre
7502	0,20%	Server.Mobiles.IceHound
7029	0,19%	Server.Mobiles.SnowLeopard
6940	0,18%	Server.Mobiles.IceElemental
6370	0,17%	Server.Mobiles.Zombie
5625	0,15%	Server.Mobiles.Farmer
5144	0,14%	Server.Mobiles.FrostSpider
5096	0,13%	Server.Mobiles.PolarBear
4830	0,13%	Server.Mobiles.IceFiend
4830	0,13%	Server.Mobiles.SnowElemental
4424	0,12%	Server.Mobiles.Gaman
4194	0,11%	Server.Mobiles.JukaLord
4090	0,11%	Server.Mobiles.Titan
3882	0,10%	Server.Mobiles.EarthElemental
3550	0,09%	Server.Mobiles.BaseHealer
3550	0,09%	Server.Mobiles.Healer
3490	0,09%	Server.Mobiles.TormentedMinotaur
3489	0,09%	Server.Mobiles.Tailor
3420	0,09%	Server.Mobiles.Minotaur
3415	0,09%	Server.Mobiles.Spectre
3205	0,08%	Server.Mobiles.FrostOoze
2927	0,08%	Server.Mobiles.Mage
2892	0,08%	Server.Mobiles.Alchemist
2879	0,08%	Server.Mobiles.AnimalTrainer
2836	0,07%	Server.Mobiles.Gardener
2823	0,07%	Server.Mobiles.Carpenter
2812	0,07%	Server.Mobiles.EnslavedSatyr
2812	0,07%	Server.Mobiles.Satyr
2797	0,07%	Server.Mobiles.Fisherman
2736	0,07%	Server.Mobiles.Lich
2594	0,07%	Server.Mobiles.Cyclops
2556	0,07%	Server.Mobiles.Skeleton
2553	0,07%	Server.Mobiles.Harpy
2159	0,06%	Server.Mobiles.Blacksmith
2130	0,06%	Server.Mobiles.FrostDragon
2116	0,06%	Server.Mobiles.Barkeeper
2113	0,06%	Server.Mobiles.Bowyer
2112	0,06%	Server.Mobiles.HairStylist
2111	0,06%	Server.Mobiles.Jeweler
2099	0,06%	Server.Mobiles.InnKeeper
2096	0,06%	Server.Mobiles.Banker
2077	0,05%	Server.Mobiles.BaseMount
2070	0,05%	Server.Mobiles.MinotaurScout
1923	0,05%	Server.Mobiles.GiantToad
1920	0,05%	Server.Mobiles.BullFrog
1911	0,05%	Server.Mobiles.Alligator
1422	0,04%	Server.Mobiles.Winecrafter
1419	0,04%	Server.Mobiles.Provisioner
1414	0,04%	Server.Mobiles.Brewer
1414	0,04%	Server.Mobiles.LeatherWorker
1413	0,04%	Server.Mobiles.Cook
1409	0,04%	Server.Mobiles.Stockman
1408	0,04%	Server.Mobiles.Butcher
1403	0,04%	Server.Mobiles.BaseChampion
1400	0,04%	Server.Mobiles.Baker
1400	0,04%	Server.Mobiles.Scribe
1399	0,04%	Server.Mobiles.Tinker
1396	0,04%	Server.Mobiles.HighPlainsBoura
1394	0,04%	Server.Mobiles.Bard
1387	0,04%	Server.Mobiles.Tanner
1386	0,04%	Server.Mobiles.SkeletalMage
1385	0,04%	Server.Mobiles.BeekeeperExp
1359	0,04%	Server.Mobiles.GalleonPilot
1300	0,03%	Server.Mobiles.ArcticOgreLord
1286	0,03%	Server.Mobiles.OgreLord
1284	0,03%	Server.Mobiles.StoneHarpy
1282	0,03%	Server.Mobiles.GoreFiend
1272	0,03%	Server.Mobiles.Mummy
1270	0,03%	Server.Mobiles.Ratman
1268	0,03%	Server.Mobiles.Panther
746	0,02%	Server.Mobiles.CoraTheSorceress
728	0,02%	Server.Mobiles.BasePeerless
728	0,02%	Server.Mobiles.MonstrousInterredGrizzle
719	0,02%	Server.Mobiles.SlaveVendor
713	0,02%	Server.Mobiles.MinionOfScelestus
713	0,02%	Server.Mobiles.WildTiger
712	0,02%	Server.Mobiles.CuSidhe
711	0,02%	Server.Mobiles.Armorer
706	0,02%	Server.Mobiles.Meraktus
704	0,02%	Server.Mobiles.Gardener1
703	0,02%	Server.Mobiles.Messager
702	0,02%	Server.Mobiles.AncientLich
702	0,02%	Server.Mobiles.MinotaurCaptain
702	0,02%	Server.Mobiles.MinotaurGeneral
697	0,02%	Server.Mobiles.Gregorio
697	0,02%	Server.Mobiles.Semidar
696	0,02%	Server.Mobiles.Lurg
696	0,02%	Server.Mobiles.Troglodyte
696	0,02%	Server.Mobiles.TsukiWolf
695	0,02%	Server.Mobiles.Gallusaurus
694	0,02%	Server.Mobiles.Herbalist
690	0,02%	Server.Mobiles.Balron
690	0,02%	Server.Mobiles.Weaver
689	0,02%	Server.Mobiles.Beekeeper
652	0,02%	Server.Mobiles.Horse
646	0,02%	Server.Mobiles.SkeletalKnight
645	0,02%	Server.Mobiles.Saliva
642	0,02%	Server.Mobiles.Grobu
633	0,02%	Server.Mobiles.Cougar
