##############################
Exception log started on 2023-05-14 00:47:18

Exception Caught: 2023-05-14 00:47:18
System.IndexOutOfRangeException: L'index se trouve en dehors des limites du tableau.
   à Server.Engines.BulkOrders.SmallBulkEntry.LoadEntries(String path) dans C:\LeRefuge\LeRefugeServer\Scripts\Services\BulkOrders\SmallBODs\SmallBulkEntry.cs:ligne 106

##############################
Exception log started on 2023-05-14 01:36:03

Exception Caught: 2023-05-14 01:36:03
System.IndexOutOfRangeException: L'index se trouve en dehors des limites du tableau.
   à Server.Engines.BulkOrders.SmallBulkEntry.LoadEntries(String path) dans C:\LeRefuge\LeRefugeServer\Scripts\Services\BulkOrders\SmallBODs\SmallBulkEntry.cs:ligne 106

##############################
Exception log started on 2023-05-14 14:19:39

Exception Caught: 2023-05-14 14:19:39
System.IndexOutOfRangeException: L'index se trouve en dehors des limites du tableau.
   à Server.Engines.BulkOrders.SmallBulkEntry.LoadEntries(String path) dans C:\LeRefuge\LeRefugeServer\Scripts\Services\BulkOrders\SmallBODs\SmallBulkEntry.cs:ligne 106

##############################
Exception log started on 2023-05-14 18:33:17

Exception Caught: 2023-05-14 18:33:17
System.IndexOutOfRangeException: L'index se trouve en dehors des limites du tableau.
   à Server.Engines.BulkOrders.SmallBulkEntry.LoadEntries(String path) dans C:\LeRefuge\LeRefugeServer\Scripts\Services\BulkOrders\SmallBODs\SmallBulkEntry.cs:ligne 106

