##############################
Exception log started on 2023-05-16 00:00:06

Exception Caught: 2023-05-16 00:00:06
System.IndexOutOfRangeException: L'index se trouve en dehors des limites du tableau.
   à Server.Engines.BulkOrders.SmallBulkEntry.LoadEntries(String path) dans C:\LeRefuge\LeRefugeServer\Scripts\Services\BulkOrders\SmallBODs\SmallBulkEntry.cs:ligne 106

##############################
Exception log started on 2023-05-16 00:28:12

Exception Caught: 2023-05-16 00:28:12
System.IndexOutOfRangeException: L'index se trouve en dehors des limites du tableau.
   à Server.Engines.BulkOrders.SmallBulkEntry.LoadEntries(String path) dans C:\LeRefuge\LeRefugeServer\Scripts\Services\BulkOrders\SmallBODs\SmallBulkEntry.cs:ligne 106

##############################
Exception log started on 2023-05-16 11:52:59

Exception Caught: 2023-05-16 11:52:59
System.IndexOutOfRangeException: L'index se trouve en dehors des limites du tableau.
   à Server.Engines.BulkOrders.SmallBulkEntry.LoadEntries(String path) dans C:\LeRefuge\LeRefugeServer\Scripts\Services\BulkOrders\SmallBODs\SmallBulkEntry.cs:ligne 106

##############################
Exception log started on 2023-05-16 21:21:54

Exception Caught: 2023-05-16 21:21:54
System.IndexOutOfRangeException: L'index se trouve en dehors des limites du tableau.
   à Server.Engines.BulkOrders.SmallBulkEntry.LoadEntries(String path) dans C:\LeRefuge\LeRefugeServer\Scripts\Services\BulkOrders\SmallBODs\SmallBulkEntry.cs:ligne 106

