##############################
Exception log started on 2023-04-24 02:11:27

Exception Caught: 2023-04-24 02:11:27
System.IO.IOException: L'accès au chemin d'accès 'C:\LeRefuge\LeRefugeServer\Saves' est refusé.
   à System.IO.Directory.InternalMove(String sourceDirName, String destDirName, Boolean checkHost)
   à Server.Misc.AutoSave.Backup() dans C:\LeRefuge\LeRefugeServer\Scripts\Misc\AutoSave.cs:ligne 164
   à Server.Misc.AutoSave.Save(Boolean permitBackgroundWrite) dans C:\LeRefuge\LeRefugeServer\Scripts\Misc\AutoSave.cs:ligne 69

Exception Caught: 2023-04-24 02:11:29
System.IO.IOException: L'accès au chemin d'accès 'C:\LeRefuge\LeRefugeServer\Saves' est refusé.
   à System.IO.Directory.InternalMove(String sourceDirName, String destDirName, Boolean checkHost)
   à Server.Misc.AutoSave.Backup() dans C:\LeRefuge\LeRefugeServer\Scripts\Misc\AutoSave.cs:ligne 164
   à Server.Misc.AutoSave.Save(Boolean permitBackgroundWrite) dans C:\LeRefuge\LeRefugeServer\Scripts\Misc\AutoSave.cs:ligne 69

##############################
Exception log started on 2023-04-24 02:11:55

Exception Caught: 2023-04-24 02:11:55
System.IO.IOException: L'accès au chemin d'accès 'C:\LeRefuge\LeRefugeServer\Saves' est refusé.
   à System.IO.Directory.InternalMove(String sourceDirName, String destDirName, Boolean checkHost)
   à Server.Misc.AutoSave.Backup() dans C:\LeRefuge\LeRefugeServer\Scripts\Misc\AutoSave.cs:ligne 164
   à Server.Misc.AutoSave.Save(Boolean permitBackgroundWrite) dans C:\LeRefuge\LeRefugeServer\Scripts\Misc\AutoSave.cs:ligne 69

##############################
Exception log started on 2023-04-24 02:13:48

Exception Caught: 2023-04-24 02:13:48
System.IO.IOException: L'accès au chemin d'accès 'C:\LeRefuge\LeRefugeServer\Saves' est refusé.
   à System.IO.Directory.InternalMove(String sourceDirName, String destDirName, Boolean checkHost)
   à Server.Misc.AutoSave.Backup() dans C:\LeRefuge\LeRefugeServer\Scripts\Misc\AutoSave.cs:ligne 164
   à Server.Misc.AutoSave.Save(Boolean permitBackgroundWrite) dans C:\LeRefuge\LeRefugeServer\Scripts\Misc\AutoSave.cs:ligne 69

Exception Caught: 2023-04-24 02:13:55
System.IO.IOException: L'accès au chemin d'accès 'C:\LeRefuge\LeRefugeServer\Saves' est refusé.
   à System.IO.Directory.InternalMove(String sourceDirName, String destDirName, Boolean checkHost)
   à Server.Misc.AutoSave.Backup() dans C:\LeRefuge\LeRefugeServer\Scripts\Misc\AutoSave.cs:ligne 164
   à Server.Misc.AutoSave.Save(Boolean permitBackgroundWrite) dans C:\LeRefuge\LeRefugeServer\Scripts\Misc\AutoSave.cs:ligne 69

Exception Caught: 2023-04-24 02:18:00
System.IO.IOException: L'accès au chemin d'accès 'C:\LeRefuge\LeRefugeServer\Saves' est refusé.
   à System.IO.Directory.InternalMove(String sourceDirName, String destDirName, Boolean checkHost)
   à Server.Misc.AutoSave.Backup() dans C:\LeRefuge\LeRefugeServer\Scripts\Misc\AutoSave.cs:ligne 164
   à Server.Misc.AutoSave.Save(Boolean permitBackgroundWrite) dans C:\LeRefuge\LeRefugeServer\Scripts\Misc\AutoSave.cs:ligne 69

##############################
Exception log started on 2023-04-24 12:25:44

Exception Caught: 2023-04-24 12:25:44
System.IO.IOException: L'accès au chemin d'accès 'C:\LeRefuge\LeRefugeServer\Saves' est refusé.
   à System.IO.Directory.InternalMove(String sourceDirName, String destDirName, Boolean checkHost)
   à Server.Misc.AutoSave.Backup() dans C:\LeRefuge\LeRefugeServer\Scripts\Misc\AutoSave.cs:ligne 164
   à Server.Misc.AutoSave.Save(Boolean permitBackgroundWrite) dans C:\LeRefuge\LeRefugeServer\Scripts\Misc\AutoSave.cs:ligne 69

##############################
Exception log started on 2023-04-24 23:07:06

Exception Caught: 2023-04-24 23:07:06
System.IO.IOException: L'accès au chemin d'accès 'C:\LeRefuge\LeRefugeServer\Saves' est refusé.
   à System.IO.Directory.InternalMove(String sourceDirName, String destDirName, Boolean checkHost)
   à Server.Misc.AutoSave.Backup() dans C:\LeRefuge\LeRefugeServer\Scripts\Misc\AutoSave.cs:ligne 164
   à Server.Misc.AutoSave.Save(Boolean permitBackgroundWrite) dans C:\LeRefuge\LeRefugeServer\Scripts\Misc\AutoSave.cs:ligne 69

Exception Caught: 2023-04-24 23:09:41
System.IO.IOException: L'accès au chemin d'accès 'C:\LeRefuge\LeRefugeServer\Saves' est refusé.
   à System.IO.Directory.InternalMove(String sourceDirName, String destDirName, Boolean checkHost)
   à Server.Misc.AutoSave.Backup() dans C:\LeRefuge\LeRefugeServer\Scripts\Misc\AutoSave.cs:ligne 164
   à Server.Misc.AutoSave.Save(Boolean permitBackgroundWrite) dans C:\LeRefuge\LeRefugeServer\Scripts\Misc\AutoSave.cs:ligne 69

Exception Caught: 2023-04-24 23:09:56
System.IO.IOException: L'accès au chemin d'accès 'C:\LeRefuge\LeRefugeServer\Saves' est refusé.
   à System.IO.Directory.InternalMove(String sourceDirName, String destDirName, Boolean checkHost)
   à Server.Misc.AutoSave.Backup() dans C:\LeRefuge\LeRefugeServer\Scripts\Misc\AutoSave.cs:ligne 164
   à Server.Misc.AutoSave.Save(Boolean permitBackgroundWrite) dans C:\LeRefuge\LeRefugeServer\Scripts\Misc\AutoSave.cs:ligne 69

Exception Caught: 2023-04-24 23:10:05
System.IO.IOException: L'accès au chemin d'accès 'C:\LeRefuge\LeRefugeServer\Saves' est refusé.
   à System.IO.Directory.InternalMove(String sourceDirName, String destDirName, Boolean checkHost)
   à Server.Misc.AutoSave.Backup() dans C:\LeRefuge\LeRefugeServer\Scripts\Misc\AutoSave.cs:ligne 164
   à Server.Misc.AutoSave.Save(Boolean permitBackgroundWrite) dans C:\LeRefuge\LeRefugeServer\Scripts\Misc\AutoSave.cs:ligne 69

Exception Caught: 2023-04-24 23:11:29
System.IO.IOException: L'accès au chemin d'accès 'C:\LeRefuge\LeRefugeServer\Saves' est refusé.
   à System.IO.Directory.InternalMove(String sourceDirName, String destDirName, Boolean checkHost)
   à Server.Misc.AutoSave.Backup() dans C:\LeRefuge\LeRefugeServer\Scripts\Misc\AutoSave.cs:ligne 164
   à Server.Misc.AutoSave.Save(Boolean permitBackgroundWrite) dans C:\LeRefuge\LeRefugeServer\Scripts\Misc\AutoSave.cs:ligne 69

##############################
Exception log started on 2023-04-24 23:42:56

Exception Caught: 2023-04-24 23:42:56
System.IO.IOException: L'accès au chemin d'accès 'C:\LeRefuge\LeRefugeServer\Saves' est refusé.
   à System.IO.Directory.InternalMove(String sourceDirName, String destDirName, Boolean checkHost)
   à Server.Misc.AutoSave.Backup() dans C:\LeRefuge\LeRefugeServer\Scripts\Misc\AutoSave.cs:ligne 164
   à Server.Misc.AutoSave.Save(Boolean permitBackgroundWrite) dans C:\LeRefuge\LeRefugeServer\Scripts\Misc\AutoSave.cs:ligne 69

Exception Caught: 2023-04-24 23:43:01
System.IO.IOException: L'accès au chemin d'accès 'C:\LeRefuge\LeRefugeServer\Saves' est refusé.
   à System.IO.Directory.InternalMove(String sourceDirName, String destDirName, Boolean checkHost)
   à Server.Misc.AutoSave.Backup() dans C:\LeRefuge\LeRefugeServer\Scripts\Misc\AutoSave.cs:ligne 164
   à Server.Misc.AutoSave.Save(Boolean permitBackgroundWrite) dans C:\LeRefuge\LeRefugeServer\Scripts\Misc\AutoSave.cs:ligne 69

