##############################
Exception log started on 2023-03-25 02:16:35

Exception Caught: 2023-03-25 02:16:35
System.IO.IOException: Le processus ne peut pas accéder au fichier 'D:\KaldeniaServer\Logs\Commands\25 mars 2023.log', car il est en cours d'utilisation par un autre processus.
   à System.IO.__Error.WinIOError(Int32 errorCode, String maybeFullPath)
   à System.IO.FileStream.Init(String path, FileMode mode, FileAccess access, Int32 rights, Boolean useRights, FileShare share, Int32 bufferSize, FileOptions options, SECURITY_ATTRIBUTES secAttrs, String msgPath, Boolean bFromProxy, Boolean useLongPath, Boolean checkHost)
   à System.IO.FileStream..ctor(String path, FileMode mode, FileAccess access, FileShare share, Int32 bufferSize, FileOptions options, String msgPath, Boolean bFromProxy, Boolean useLongPath, Boolean checkHost)
   à System.IO.StreamWriter.CreateFile(String path, Boolean append, Boolean checkHost)
   à System.IO.StreamWriter..ctor(String path, Boolean append, Encoding encoding, Int32 bufferSize, Boolean checkHost)
   à System.IO.StreamWriter..ctor(String path, Boolean append)
   à Server.Commands.CommandLogging.Initialize() dans D:\KaldeniaServer\Scripts\Commands\Logging.cs:ligne 38

Exception Caught: 2023-03-25 02:16:35
System.IO.IOException: Le processus ne peut pas accéder au fichier 'D:\KaldeniaServer\Logs\Chat\25 mars 2023.log', car il est en cours d'utilisation par un autre processus.
   à System.IO.__Error.WinIOError(Int32 errorCode, String maybeFullPath)
   à System.IO.FileStream.Init(String path, FileMode mode, FileAccess access, Int32 rights, Boolean useRights, FileShare share, Int32 bufferSize, FileOptions options, SECURITY_ATTRIBUTES secAttrs, String msgPath, Boolean bFromProxy, Boolean useLongPath, Boolean checkHost)
   à System.IO.FileStream..ctor(String path, FileMode mode, FileAccess access, FileShare share, Int32 bufferSize, FileOptions options, String msgPath, Boolean bFromProxy, Boolean useLongPath, Boolean checkHost)
   à System.IO.StreamWriter.CreateFile(String path, Boolean append, Boolean checkHost)
   à System.IO.StreamWriter..ctor(String path, Boolean append, Encoding encoding, Int32 bufferSize, Boolean checkHost)
   à System.IO.StreamWriter..ctor(String path, Boolean append)
   à Server.Engines.Chat.ChatLogging.Initialize() dans D:\KaldeniaServer\Scripts\Services\Chat\Logging.cs:ligne 28

