##############################
Exception log started on 2023-04-27 02:40:42

Exception Caught: 2023-04-27 02:40:42
System.IO.IOException: L'accès au chemin d'accès 'C:\LeRefuge\LeRefugeServer\Saves' est refusé.
   à System.IO.Directory.InternalMove(String sourceDirName, String destDirName, Boolean checkHost)
   à Server.Misc.AutoSave.Backup() dans C:\LeRefuge\LeRefugeServer\Scripts\Misc\AutoSave.cs:ligne 164
   à Server.Misc.AutoSave.Save(Boolean permitBackgroundWrite) dans C:\LeRefuge\LeRefugeServer\Scripts\Misc\AutoSave.cs:ligne 69

Exception Caught: 2023-04-27 02:44:05
System.IO.IOException: L'accès au chemin d'accès 'C:\LeRefuge\LeRefugeServer\Saves' est refusé.
   à System.IO.Directory.InternalMove(String sourceDirName, String destDirName, Boolean checkHost)
   à Server.Misc.AutoSave.Backup() dans C:\LeRefuge\LeRefugeServer\Scripts\Misc\AutoSave.cs:ligne 164
   à Server.Misc.AutoSave.Save(Boolean permitBackgroundWrite) dans C:\LeRefuge\LeRefugeServer\Scripts\Misc\AutoSave.cs:ligne 69

##############################
Exception log started on 2023-04-27 03:08:01

Exception Caught: 2023-04-27 03:08:01
System.IO.IOException: L'accès au chemin d'accès 'C:\LeRefuge\LeRefugeServer\Saves' est refusé.
   à System.IO.Directory.InternalMove(String sourceDirName, String destDirName, Boolean checkHost)
   à Server.Misc.AutoSave.Backup() dans C:\LeRefuge\LeRefugeServer\Scripts\Misc\AutoSave.cs:ligne 164
   à Server.Misc.AutoSave.Save(Boolean permitBackgroundWrite) dans C:\LeRefuge\LeRefugeServer\Scripts\Misc\AutoSave.cs:ligne 69

Exception Caught: 2023-04-27 03:19:12
System.IO.IOException: L'accès au chemin d'accès 'C:\LeRefuge\LeRefugeServer\Saves' est refusé.
   à System.IO.Directory.InternalMove(String sourceDirName, String destDirName, Boolean checkHost)
   à Server.Misc.AutoSave.Backup() dans C:\LeRefuge\LeRefugeServer\Scripts\Misc\AutoSave.cs:ligne 164
   à Server.Misc.AutoSave.Save(Boolean permitBackgroundWrite) dans C:\LeRefuge\LeRefugeServer\Scripts\Misc\AutoSave.cs:ligne 69

Exception Caught: 2023-04-27 19:14:36
System.IO.IOException: L'accès au chemin d'accès 'C:\LeRefuge\LeRefugeServer\Saves' est refusé.
   à System.IO.Directory.InternalMove(String sourceDirName, String destDirName, Boolean checkHost)
   à Server.Misc.AutoSave.Backup() dans C:\LeRefuge\LeRefugeServer\Scripts\Misc\AutoSave.cs:ligne 164
   à Server.Misc.AutoSave.Save(Boolean permitBackgroundWrite) dans C:\LeRefuge\LeRefugeServer\Scripts\Misc\AutoSave.cs:ligne 69

Exception Caught: 2023-04-27 19:30:00
System.IO.IOException: L'accès au chemin d'accès 'C:\LeRefuge\LeRefugeServer\Saves' est refusé.
   à System.IO.Directory.InternalMove(String sourceDirName, String destDirName, Boolean checkHost)
   à Server.Misc.AutoSave.Backup() dans C:\LeRefuge\LeRefugeServer\Scripts\Misc\AutoSave.cs:ligne 164
   à Server.Misc.AutoSave.Save(Boolean permitBackgroundWrite) dans C:\LeRefuge\LeRefugeServer\Scripts\Misc\AutoSave.cs:ligne 69

Exception Caught: 2023-04-27 19:45:19
System.IO.IOException: L'accès au chemin d'accès 'C:\LeRefuge\LeRefugeServer\Saves' est refusé.
   à System.IO.Directory.InternalMove(String sourceDirName, String destDirName, Boolean checkHost)
   à Server.Misc.AutoSave.Backup() dans C:\LeRefuge\LeRefugeServer\Scripts\Misc\AutoSave.cs:ligne 164
   à Server.Misc.AutoSave.Save(Boolean permitBackgroundWrite) dans C:\LeRefuge\LeRefugeServer\Scripts\Misc\AutoSave.cs:ligne 69

Exception Caught: 2023-04-27 20:00:42
System.IO.IOException: L'accès au chemin d'accès 'C:\LeRefuge\LeRefugeServer\Saves' est refusé.
   à System.IO.Directory.InternalMove(String sourceDirName, String destDirName, Boolean checkHost)
   à Server.Misc.AutoSave.Backup() dans C:\LeRefuge\LeRefugeServer\Scripts\Misc\AutoSave.cs:ligne 164
   à Server.Misc.AutoSave.Save(Boolean permitBackgroundWrite) dans C:\LeRefuge\LeRefugeServer\Scripts\Misc\AutoSave.cs:ligne 69

Exception Caught: 2023-04-27 20:16:03
System.IO.IOException: L'accès au chemin d'accès 'C:\LeRefuge\LeRefugeServer\Saves' est refusé.
   à System.IO.Directory.InternalMove(String sourceDirName, String destDirName, Boolean checkHost)
   à Server.Misc.AutoSave.Backup() dans C:\LeRefuge\LeRefugeServer\Scripts\Misc\AutoSave.cs:ligne 164
   à Server.Misc.AutoSave.Save(Boolean permitBackgroundWrite) dans C:\LeRefuge\LeRefugeServer\Scripts\Misc\AutoSave.cs:ligne 69

Exception Caught: 2023-04-27 20:31:28
System.IO.IOException: L'accès au chemin d'accès 'C:\LeRefuge\LeRefugeServer\Saves' est refusé.
   à System.IO.Directory.InternalMove(String sourceDirName, String destDirName, Boolean checkHost)
   à Server.Misc.AutoSave.Backup() dans C:\LeRefuge\LeRefugeServer\Scripts\Misc\AutoSave.cs:ligne 164
   à Server.Misc.AutoSave.Save(Boolean permitBackgroundWrite) dans C:\LeRefuge\LeRefugeServer\Scripts\Misc\AutoSave.cs:ligne 69

Exception Caught: 2023-04-27 20:47:00
System.IO.IOException: L'accès au chemin d'accès 'C:\LeRefuge\LeRefugeServer\Saves' est refusé.
   à System.IO.Directory.InternalMove(String sourceDirName, String destDirName, Boolean checkHost)
   à Server.Misc.AutoSave.Backup() dans C:\LeRefuge\LeRefugeServer\Scripts\Misc\AutoSave.cs:ligne 164
   à Server.Misc.AutoSave.Save(Boolean permitBackgroundWrite) dans C:\LeRefuge\LeRefugeServer\Scripts\Misc\AutoSave.cs:ligne 69

Exception Caught: 2023-04-27 20:56:26
System.IO.IOException: L'accès au chemin d'accès 'C:\LeRefuge\LeRefugeServer\Saves' est refusé.
   à System.IO.Directory.InternalMove(String sourceDirName, String destDirName, Boolean checkHost)
   à Server.Misc.AutoSave.Backup() dans C:\LeRefuge\LeRefugeServer\Scripts\Misc\AutoSave.cs:ligne 164
   à Server.Misc.AutoSave.Save(Boolean permitBackgroundWrite) dans C:\LeRefuge\LeRefugeServer\Scripts\Misc\AutoSave.cs:ligne 69

Exception Caught: 2023-04-27 21:02:01
System.IO.IOException: L'accès au chemin d'accès 'C:\LeRefuge\LeRefugeServer\Saves' est refusé.
   à System.IO.Directory.InternalMove(String sourceDirName, String destDirName, Boolean checkHost)
   à Server.Misc.AutoSave.Backup() dans C:\LeRefuge\LeRefugeServer\Scripts\Misc\AutoSave.cs:ligne 164
   à Server.Misc.AutoSave.Save(Boolean permitBackgroundWrite) dans C:\LeRefuge\LeRefugeServer\Scripts\Misc\AutoSave.cs:ligne 69

Exception Caught: 2023-04-27 21:17:54
System.IO.IOException: L'accès au chemin d'accès 'C:\LeRefuge\LeRefugeServer\Saves' est refusé.
   à System.IO.Directory.InternalMove(String sourceDirName, String destDirName, Boolean checkHost)
   à Server.Misc.AutoSave.Backup() dans C:\LeRefuge\LeRefugeServer\Scripts\Misc\AutoSave.cs:ligne 164
   à Server.Misc.AutoSave.Save(Boolean permitBackgroundWrite) dans C:\LeRefuge\LeRefugeServer\Scripts\Misc\AutoSave.cs:ligne 69

Exception Caught: 2023-04-27 21:33:58
System.IO.IOException: L'accès au chemin d'accès 'C:\LeRefuge\LeRefugeServer\Saves' est refusé.
   à System.IO.Directory.InternalMove(String sourceDirName, String destDirName, Boolean checkHost)
   à Server.Misc.AutoSave.Backup() dans C:\LeRefuge\LeRefugeServer\Scripts\Misc\AutoSave.cs:ligne 164
   à Server.Misc.AutoSave.Save(Boolean permitBackgroundWrite) dans C:\LeRefuge\LeRefugeServer\Scripts\Misc\AutoSave.cs:ligne 69

Exception Caught: 2023-04-27 21:49:58
System.IO.IOException: L'accès au chemin d'accès 'C:\LeRefuge\LeRefugeServer\Saves' est refusé.
   à System.IO.Directory.InternalMove(String sourceDirName, String destDirName, Boolean checkHost)
   à Server.Misc.AutoSave.Backup() dans C:\LeRefuge\LeRefugeServer\Scripts\Misc\AutoSave.cs:ligne 164
   à Server.Misc.AutoSave.Save(Boolean permitBackgroundWrite) dans C:\LeRefuge\LeRefugeServer\Scripts\Misc\AutoSave.cs:ligne 69

