##############################
Exception log started on 2023-06-05 03:43:34

Exception Caught: 2023-06-05 03:43:34
System.IndexOutOfRangeException: L'index se trouve en dehors des limites du tableau.
   à Server.Engines.BulkOrders.SmallBulkEntry.LoadEntries(String path) dans C:\LeRefuge\LeRefugeServer\Scripts\Services\BulkOrders\SmallBODs\SmallBulkEntry.cs:ligne 106

##############################
Exception log started on 2023-06-05 13:58:05

Exception Caught: 2023-06-05 13:58:05
System.IndexOutOfRangeException: L'index se trouve en dehors des limites du tableau.
   à Server.Engines.BulkOrders.SmallBulkEntry.LoadEntries(String path) dans C:\LeRefuge\LeRefugeServer\Scripts\Services\BulkOrders\SmallBODs\SmallBulkEntry.cs:ligne 106

Exception Caught: 2023-06-05 15:31:46
System.MissingMethodException: Impossible de créer une classe abstraite.
   à System.RuntimeTypeHandle.CreateInstance(RuntimeType type, Boolean publicOnly, Boolean noCheck, Boolean& canBeCached, RuntimeMethodHandleInternal& ctor, Boolean& bNeedSecurityCheck)
   à System.RuntimeType.CreateInstanceSlow(Boolean publicOnly, Boolean skipCheckThis, Boolean fillCache, StackCrawlMark& stackMark)
   à System.Activator.CreateInstance(Type type, Boolean nonPublic)
   à System.Activator.CreateInstance(Type type)
   à Server.Loot.Construct(Type type) dans C:\LeRefuge\LeRefugeServer\Scripts\Misc\Loot.cs:ligne 772

Exception Caught: 2023-06-05 15:31:48
System.MissingMethodException: Impossible de créer une classe abstraite.
   à System.RuntimeTypeHandle.CreateInstance(RuntimeType type, Boolean publicOnly, Boolean noCheck, Boolean& canBeCached, RuntimeMethodHandleInternal& ctor, Boolean& bNeedSecurityCheck)
   à System.RuntimeType.CreateInstanceSlow(Boolean publicOnly, Boolean skipCheckThis, Boolean fillCache, StackCrawlMark& stackMark)
   à System.Activator.CreateInstance(Type type, Boolean nonPublic)
   à System.Activator.CreateInstance(Type type)
   à Server.Loot.Construct(Type type) dans C:\LeRefuge\LeRefugeServer\Scripts\Misc\Loot.cs:ligne 772

##############################
Exception log started on 2023-06-05 19:03:10

Exception Caught: 2023-06-05 19:03:10
System.IndexOutOfRangeException: L'index se trouve en dehors des limites du tableau.
   à Server.Engines.BulkOrders.SmallBulkEntry.LoadEntries(String path) dans C:\LeRefuge\LeRefugeServer\Scripts\Services\BulkOrders\SmallBODs\SmallBulkEntry.cs:ligne 106

